21:05:55,824 INFO  [AbstractJBossASServerBase] Server Configuration:

	JBOSS_HOME URL: file:/D:/EJB-FIAP-SCJ/ejb_prof/jboss6/
	Bootstrap: $JBOSS_HOME\server/all/conf/bootstrap.xml
	Common Base: $JBOSS_HOME\common/
	Common Library: $JBOSS_HOME\common/lib/
	Server Name: all
	Server Base: $JBOSS_HOME\server/
	Server Library: $JBOSS_HOME\server/all/lib/
	Server Config: $JBOSS_HOME\server/all/conf/
	Server Home: $JBOSS_HOME\server/all/
	Server Data: $JBOSS_HOME\server/all/data/
	Server Log: $JBOSS_HOME\server/all/log/
	Server Temp: $JBOSS_HOME\server/all/tmp/

21:05:55,826 INFO  [AbstractServer] Starting: JBossAS [6.1.0.Final "Neo"]
21:05:57,992 INFO  [ServerInfo] Java version: 1.8.0_111,Oracle Corporation
21:05:57,992 INFO  [ServerInfo] Java Runtime: Java(TM) SE Runtime Environment (build 1.8.0_111-b14)
21:05:57,992 INFO  [ServerInfo] Java VM: Java HotSpot(TM) 64-Bit Server VM 25.111-b14,Oracle Corporation
21:05:57,992 INFO  [ServerInfo] OS-System: Windows 8.1 6.3,amd64
21:05:57,993 INFO  [ServerInfo] VM arguments: -Dprogram.name=JBossTools: JBoss AS 6.x -Djava.awt.headless=true -Xms256m -Xmx768m -XX:MaxPermSize=256m -Dsun.rmi.dgc.client.gcInterval=3600000 -Dsun.rmi.dgc.server.gcInterval=3600000 -Djava.endorsed.dirs=D:\EJB-FIAP-SCJ\ejb_prof\jboss6\lib\endorsed -Djava.library.path=D:/EJB-FIAP-SCJ/ejb_prof/jboss6/bin/native -Dlogging.configuration=file:D:/EJB-FIAP-SCJ/ejb_prof/jboss6/bin/logging.properties -Dfile.encoding=Cp1252 
21:05:57,993 DEBUG [ServerInfo] Full System Properties Dump
21:05:57,993 DEBUG [ServerInfo]     awt.toolkit: sun.awt.windows.WToolkit
21:05:57,993 DEBUG [ServerInfo]     bind.address: localhost
21:05:57,994 DEBUG [ServerInfo]     file.encoding: Cp1252
21:05:57,994 DEBUG [ServerInfo]     file.encoding.pkg: sun.io
21:05:57,994 DEBUG [ServerInfo]     file.separator: \
21:05:57,994 DEBUG [ServerInfo]     java.awt.graphicsenv: sun.awt.Win32GraphicsEnvironment
21:05:57,994 DEBUG [ServerInfo]     java.awt.headless: true
21:05:57,994 DEBUG [ServerInfo]     java.awt.printerjob: sun.awt.windows.WPrinterJob
21:05:57,994 DEBUG [ServerInfo]     java.class.path: D:\EJB-FIAP-SCJ\ejb_prof\jboss6\bin\run.jar
21:05:57,994 DEBUG [ServerInfo]     java.class.version: 52.0
21:05:57,995 DEBUG [ServerInfo]     java.endorsed.dirs: D:\EJB-FIAP-SCJ\ejb_prof\jboss6\lib\endorsed
21:05:57,995 DEBUG [ServerInfo]     java.ext.dirs: C:\Program Files\Java\jre1.8.0_111\lib\ext;C:\windows\Sun\Java\lib\ext
21:05:57,995 DEBUG [ServerInfo]     java.home: C:\Program Files\Java\jre1.8.0_111
21:05:57,995 DEBUG [ServerInfo]     java.io.tmpdir: C:\Users\logonrm\AppData\Local\Temp\
21:05:57,995 DEBUG [ServerInfo]     java.library.path: D:/EJB-FIAP-SCJ/ejb_prof/jboss6/bin/native
21:05:57,995 DEBUG [ServerInfo]     java.protocol.handler.pkgs: org.jboss.net.protocol|org.jboss.vfs.protocol
21:05:57,995 DEBUG [ServerInfo]     java.rmi.server.RMIClassLoaderSpi: org.jboss.system.JBossRMIClassLoader
21:05:57,995 DEBUG [ServerInfo]     java.rmi.server.hostname: localhost
21:05:57,996 DEBUG [ServerInfo]     java.runtime.name: Java(TM) SE Runtime Environment
21:05:57,996 DEBUG [ServerInfo]     java.runtime.version: 1.8.0_111-b14
21:05:57,996 DEBUG [ServerInfo]     java.specification.name: Java Platform API Specification
21:05:57,996 DEBUG [ServerInfo]     java.specification.vendor: Oracle Corporation
21:05:57,996 DEBUG [ServerInfo]     java.specification.version: 1.8
21:05:57,996 DEBUG [ServerInfo]     java.util.logging.manager: org.jboss.logmanager.LogManager
21:05:57,996 DEBUG [ServerInfo]     java.vendor: Oracle Corporation
21:05:57,996 DEBUG [ServerInfo]     java.vendor.url: http://java.oracle.com/
21:05:57,997 DEBUG [ServerInfo]     java.vendor.url.bug: http://bugreport.sun.com/bugreport/
21:05:57,997 DEBUG [ServerInfo]     java.version: 1.8.0_111
21:05:57,997 DEBUG [ServerInfo]     java.vm.info: mixed mode
21:05:57,997 DEBUG [ServerInfo]     java.vm.name: Java HotSpot(TM) 64-Bit Server VM
21:05:57,997 DEBUG [ServerInfo]     java.vm.specification.name: Java Virtual Machine Specification
21:05:57,997 DEBUG [ServerInfo]     java.vm.specification.vendor: Oracle Corporation
21:05:57,997 DEBUG [ServerInfo]     java.vm.specification.version: 1.8
21:05:57,997 DEBUG [ServerInfo]     java.vm.vendor: Oracle Corporation
21:05:57,998 DEBUG [ServerInfo]     java.vm.version: 25.111-b14
21:05:57,998 DEBUG [ServerInfo]     javax.management.builder.initial: org.jboss.mx.server.MBeanServerBuilderImpl
21:05:57,998 DEBUG [ServerInfo]     jboss.bind.address: localhost
21:05:57,998 DEBUG [ServerInfo]     jboss.boot.server.log.dir: D:\EJB-FIAP-SCJ\ejb_prof\jboss6\server\all\log
21:05:57,998 DEBUG [ServerInfo]     jboss.bootstrap.home.url: file:/D:/EJB-FIAP-SCJ/ejb_prof/jboss6/server/all/conf/
21:05:57,998 DEBUG [ServerInfo]     jboss.bootstrap.name: bootstrap.xml
21:05:57,998 DEBUG [ServerInfo]     jboss.bootstrap.url: file:/D:/EJB-FIAP-SCJ/ejb_prof/jboss6/server/all/conf/bootstrap.xml
21:05:57,998 DEBUG [ServerInfo]     jboss.common.base.url: file:/D:/EJB-FIAP-SCJ/ejb_prof/jboss6/common/
21:05:57,998 DEBUG [ServerInfo]     jboss.common.lib.url: file:/D:/EJB-FIAP-SCJ/ejb_prof/jboss6/common/lib/
21:05:57,999 DEBUG [ServerInfo]     jboss.home: D:\EJB-FIAP-SCJ\ejb_prof\jboss6
21:05:57,999 DEBUG [ServerInfo]     jboss.home.dir: D:\EJB-FIAP-SCJ\ejb_prof\jboss6
21:05:57,999 DEBUG [ServerInfo]     jboss.home.url: file:/D:/EJB-FIAP-SCJ/ejb_prof/jboss6/
21:05:57,999 DEBUG [ServerInfo]     jboss.host.name: l2704micro02
21:05:57,999 DEBUG [ServerInfo]     jboss.lib.url: file:/D:/EJB-FIAP-SCJ/ejb_prof/jboss6/lib/
21:05:57,999 DEBUG [ServerInfo]     jboss.native.dir: D:\EJB-FIAP-SCJ\ejb_prof\jboss6\server\all\tmp\native
21:05:57,999 DEBUG [ServerInfo]     jboss.native.load: false
21:05:57,999 DEBUG [ServerInfo]     jboss.node.name: l2704micro02
21:05:58,000 DEBUG [ServerInfo]     jboss.partition.name: DefaultPartition
21:05:58,000 DEBUG [ServerInfo]     jboss.platform.mbeanserver: true
21:05:58,000 DEBUG [ServerInfo]     jboss.qualified.host.name: l2704micro02
21:05:58,000 DEBUG [ServerInfo]     jboss.server.base.dir: D:\EJB-FIAP-SCJ\ejb_prof\jboss6\server
21:05:58,000 DEBUG [ServerInfo]     jboss.server.base.url: file:/D:/EJB-FIAP-SCJ/ejb_prof/jboss6/server/
21:05:58,000 DEBUG [ServerInfo]     jboss.server.config.url: file:/D:/EJB-FIAP-SCJ/ejb_prof/jboss6/server/all/conf/
21:05:58,000 DEBUG [ServerInfo]     jboss.server.data.dir: D:\EJB-FIAP-SCJ\ejb_prof\jboss6\server\all\data
21:05:58,000 DEBUG [ServerInfo]     jboss.server.home.dir: D:\EJB-FIAP-SCJ\ejb_prof\jboss6\server\all
21:05:58,001 DEBUG [ServerInfo]     jboss.server.home.url: file:/D:/EJB-FIAP-SCJ/ejb_prof/jboss6/server/all/
21:05:58,001 DEBUG [ServerInfo]     jboss.server.lib.url: file:/D:/EJB-FIAP-SCJ/ejb_prof/jboss6/server/all/lib/
21:05:58,001 DEBUG [ServerInfo]     jboss.server.log.dir: D:\EJB-FIAP-SCJ\ejb_prof\jboss6\server\all\log
21:05:58,001 DEBUG [ServerInfo]     jboss.server.name: all
21:05:58,001 DEBUG [ServerInfo]     jboss.server.temp.dir: D:\EJB-FIAP-SCJ\ejb_prof\jboss6\server\all\tmp
21:05:58,001 DEBUG [ServerInfo]     jboss.vfs.forceCopy: true
21:05:58,001 DEBUG [ServerInfo]     jbossmx.loader.repository.class: org.jboss.mx.loading.UnifiedLoaderRepository3
21:05:58,001 DEBUG [ServerInfo]     jgroups.bind_addr: localhost
21:05:58,002 DEBUG [ServerInfo]     line.separator: 

21:05:58,002 DEBUG [ServerInfo]     log4j.defaultInitOverride: true
21:05:58,002 DEBUG [ServerInfo]     logging.configuration: file:D:/EJB-FIAP-SCJ/ejb_prof/jboss6/bin/logging.properties
21:05:58,002 DEBUG [ServerInfo]     org.jboss.deployers.spi.deployer.matchers.NameIgnoreMechanism: org.jboss.deployers.spi.deployer.helpers.DummyNameIgnoreMechanism
21:05:58,002 DEBUG [ServerInfo]     org.jboss.logging.Logger.pluginClass: org.jboss.logging.logmanager.LoggerPluginImpl
21:05:58,002 DEBUG [ServerInfo]     org.jboss.reflect.spi.TypeInfoFactory: org.jboss.reflect.plugins.introspection.IntrospectionTypeInfoFactory
21:05:58,002 DEBUG [ServerInfo]     os.arch: amd64
21:05:58,002 DEBUG [ServerInfo]     os.name: Windows 8.1
21:05:58,002 DEBUG [ServerInfo]     os.version: 6.3
21:05:58,002 DEBUG [ServerInfo]     path.separator: ;
21:05:58,003 DEBUG [ServerInfo]     program.name: JBossTools: JBoss AS 6.x
21:05:58,003 DEBUG [ServerInfo]     sun.arch.data.model: 64
21:05:58,003 DEBUG [ServerInfo]     sun.boot.class.path: D:\EJB-FIAP-SCJ\ejb_prof\jboss6\lib\endorsed\activation.jar;D:\EJB-FIAP-SCJ\ejb_prof\jboss6\lib\endorsed\jboss-annotations-api_1.1_spec.jar;D:\EJB-FIAP-SCJ\ejb_prof\jboss6\lib\endorsed\jboss-jaxb-api_2.2_spec.jar;D:\EJB-FIAP-SCJ\ejb_prof\jboss6\lib\endorsed\jboss-jaxws-api_2.2_spec.jar;D:\EJB-FIAP-SCJ\ejb_prof\jboss6\lib\endorsed\jbossws-cxf-factories.jar;D:\EJB-FIAP-SCJ\ejb_prof\jboss6\lib\endorsed\stax-api.jar;C:\Program Files\Java\jre1.8.0_111\lib\resources.jar;C:\Program Files\Java\jre1.8.0_111\lib\rt.jar;C:\Program Files\Java\jre1.8.0_111\lib\sunrsasign.jar;C:\Program Files\Java\jre1.8.0_111\lib\jsse.jar;C:\Program Files\Java\jre1.8.0_111\lib\jce.jar;C:\Program Files\Java\jre1.8.0_111\lib\charsets.jar;C:\Program Files\Java\jre1.8.0_111\lib\jfr.jar;C:\Program Files\Java\jre1.8.0_111\classes
21:05:58,003 DEBUG [ServerInfo]     sun.boot.library.path: C:\Program Files\Java\jre1.8.0_111\bin
21:05:58,003 DEBUG [ServerInfo]     sun.cpu.endian: little
21:05:58,003 DEBUG [ServerInfo]     sun.cpu.isalist: amd64
21:05:58,003 DEBUG [ServerInfo]     sun.desktop: windows
21:05:58,003 DEBUG [ServerInfo]     sun.io.unicode.encoding: UnicodeLittle
21:05:58,003 DEBUG [ServerInfo]     sun.java.command: org.jboss.Main --configuration=all --host=localhost -Djboss.server.base.url=file:/D:/EJB-FIAP-SCJ/ejb_prof/jboss6/server/
21:05:58,003 DEBUG [ServerInfo]     sun.java.launcher: SUN_STANDARD
21:05:58,003 DEBUG [ServerInfo]     sun.jnu.encoding: Cp1252
21:05:58,003 DEBUG [ServerInfo]     sun.management.compiler: HotSpot 64-Bit Tiered Compilers
21:05:58,004 DEBUG [ServerInfo]     sun.os.patch.level: 
21:05:58,004 DEBUG [ServerInfo]     sun.rmi.dgc.client.gcInterval: 3600000
21:05:58,004 DEBUG [ServerInfo]     sun.rmi.dgc.server.gcInterval: 3600000
21:05:58,004 DEBUG [ServerInfo]     user.country: US
21:05:58,004 DEBUG [ServerInfo]     user.country.format: BR
21:05:58,004 DEBUG [ServerInfo]     user.dir: D:\EJB-FIAP-SCJ\ejb_prof\jboss6\bin
21:05:58,004 DEBUG [ServerInfo]     user.home: C:\Users\logonrm
21:05:58,004 DEBUG [ServerInfo]     user.language: en
21:05:58,004 DEBUG [ServerInfo]     user.language.format: pt
21:05:58,005 DEBUG [ServerInfo]     user.name: logonrm
21:05:58,005 DEBUG [ServerInfo]     user.script: 
21:05:58,005 DEBUG [ServerInfo]     user.timezone: America/Sao_Paulo
21:05:58,005 DEBUG [ServerInfo]     user.variant: 
21:05:58,005 DEBUG [ServerInfo]     xb.builder.repeatableParticleHandlers: false
21:05:58,005 DEBUG [ServerInfo]     xb.builder.useUnorderedSequence: true
21:05:58,021 INFO  [JMXKernel] Legacy JMX core initialized
21:06:23,931 INFO  [AbstractServerConfig] JBoss Web Services - Stack CXF Server 3.4.1.GA
21:06:23,939 WARN  [AbstractKernelController] Broken callback: ClassSingleCallbackItem@7bcd843c{name=interface org.jboss.wsf.spi.metadata.DescriptorProcessor whenRequired=ControllerState@24f7992{Installed} dependentState=ControllerState@24f7992{Installed} attributeName=setProcessor owner=AbstractKernelControllerContext@9a03d26{ metadata=AbstractBeanMetaData@5a783fce{name=JMSDescriptorDeployer bean=org.jboss.webservices.integration.deployers.JMSDescriptorDeployer properties= classLoader=BeanMetaDataDeployer$DeploymentClassLoaderMetaData@4f9de285{classloader=null} constructor=null autowireCandidate=true installCallbacks=[method=setProcessor, method=setParser]}name=JMSDescriptorDeployer target=org.jboss.webservices.integration.deployers.JMSDescriptorDeployer@7f9c1edd state=Installed depends=AbstractDependencyInfo@3bcf2dc9{}} signature=org.jboss.wsf.spi.metadata.DescriptorProcessor}: java.lang.ClassCastException: org.jboss.wsf.framework.deployment.jms.WebservicesDescriptorProcessorImpl cannot be cast to org.jboss.wsf.spi.metadata.jms.JMSDescriptorProcessor
	at org.jboss.webservices.integration.deployers.JMSDescriptorDeployer.setProcessor(JMSDescriptorDeployer.java:33) [:6.1.0.Final]
	at sun.reflect.NativeMethodAccessorImpl.invoke0(Native Method) [:1.8.0_111]
	at sun.reflect.NativeMethodAccessorImpl.invoke(Unknown Source) [:1.8.0_111]
	at sun.reflect.DelegatingMethodAccessorImpl.invoke(Unknown Source) [:1.8.0_111]
	at java.lang.reflect.Method.invoke(Unknown Source) [:1.8.0_111]
	at org.jboss.reflect.plugins.introspection.ReflectionUtils.invoke(ReflectionUtils.java:60) [jboss-reflect.jar:2.2.1.SP1]
	at org.jboss.reflect.plugins.introspection.ReflectMethodInfoImpl.invoke(ReflectMethodInfoImpl.java:168) [jboss-reflect.jar:2.2.1.SP1]
	at org.jboss.joinpoint.plugins.BasicMethodJoinPoint.dispatch(BasicMethodJoinPoint.java:66) [jboss-reflect.jar:2.2.1.SP1]
	at org.jboss.beans.info.plugins.AbstractBeanInfo.invoke(AbstractBeanInfo.java:300) [jboss-reflect.jar:2.2.1.SP1]
	at org.jboss.kernel.plugins.dependency.AbstractKernelControllerContext.invoke(AbstractKernelControllerContext.java:305) [jboss-kernel.jar:2.2.0.SP2]
	at org.jboss.kernel.plugins.dependency.ClassSingleCallbackItem.ownerCallback(ClassSingleCallbackItem.java:78) [jboss-kernel.jar:2.2.0.SP2]
	at org.jboss.dependency.plugins.AbstractController.resolveCallbacks(AbstractController.java:1887) [jboss-dependency.jar:2.2.0.SP2]
	at org.jboss.dependency.plugins.AbstractController.resolveCallbacks(AbstractController.java:1937) [jboss-dependency.jar:2.2.0.SP2]
	at org.jboss.dependency.plugins.AbstractController.incrementState(AbstractController.java:1092) [jboss-dependency.jar:2.2.0.SP2]
	at org.jboss.dependency.plugins.AbstractController.executeOrIncrementStateDirectly(AbstractController.java:1322) [jboss-dependency.jar:2.2.0.SP2]
	at org.jboss.dependency.plugins.AbstractController.resolveContexts(AbstractController.java:1246) [jboss-dependency.jar:2.2.0.SP2]
	at org.jboss.dependency.plugins.AbstractController.resolveContexts(AbstractController.java:1139) [jboss-dependency.jar:2.2.0.SP2]
	at org.jboss.dependency.plugins.AbstractController.install(AbstractController.java:894) [jboss-dependency.jar:2.2.0.SP2]
	at org.jboss.dependency.plugins.AbstractController.install(AbstractController.java:641) [jboss-dependency.jar:2.2.0.SP2]
	at org.jboss.deployers.vfs.deployer.kernel.BeanMetaDataDeployer.deploy(BeanMetaDataDeployer.java:182) [:2.2.2.GA]
	at org.jboss.deployers.vfs.deployer.kernel.BeanMetaDataDeployer.deploy(BeanMetaDataDeployer.java:58) [:2.2.2.GA]
	at org.jboss.deployers.spi.deployer.helpers.AbstractSimpleRealDeployer.internalDeploy(AbstractSimpleRealDeployer.java:63) [:2.2.2.GA]
	at org.jboss.deployers.spi.deployer.helpers.AbstractRealDeployer.deploy(AbstractRealDeployer.java:55) [:2.2.2.GA]
	at org.jboss.deployers.plugins.deployers.DeployerWrapper.deploy(DeployerWrapper.java:179) [:2.2.2.GA]
	at org.jboss.deployers.plugins.deployers.DeployersImpl.doDeploy(DeployersImpl.java:1832) [:2.2.2.GA]
	at org.jboss.deployers.plugins.deployers.DeployersImpl.doInstallParentFirst(DeployersImpl.java:1550) [:2.2.2.GA]
	at org.jboss.deployers.plugins.deployers.DeployersImpl.doInstallParentFirst(DeployersImpl.java:1571) [:2.2.2.GA]
	at org.jboss.deployers.plugins.deployers.DeployersImpl.install(DeployersImpl.java:1491) [:2.2.2.GA]
	at org.jboss.dependency.plugins.AbstractControllerContext.install(AbstractControllerContext.java:379) [jboss-dependency.jar:2.2.0.SP2]
	at org.jboss.dependency.plugins.AbstractController.install(AbstractController.java:2044) [jboss-dependency.jar:2.2.0.SP2]
	at org.jboss.dependency.plugins.AbstractController.incrementState(AbstractController.java:1083) [jboss-dependency.jar:2.2.0.SP2]
	at org.jboss.dependency.plugins.AbstractController.executeOrIncrementStateDirectly(AbstractController.java:1322) [jboss-dependency.jar:2.2.0.SP2]
	at org.jboss.dependency.plugins.AbstractController.resolveContexts(AbstractController.java:1246) [jboss-dependency.jar:2.2.0.SP2]
	at org.jboss.dependency.plugins.AbstractController.resolveContexts(AbstractController.java:1139) [jboss-dependency.jar:2.2.0.SP2]
	at org.jboss.dependency.plugins.AbstractController.change(AbstractController.java:939) [jboss-dependency.jar:2.2.0.SP2]
	at org.jboss.dependency.plugins.AbstractController.change(AbstractController.java:654) [jboss-dependency.jar:2.2.0.SP2]
	at org.jboss.deployers.plugins.deployers.DeployersImpl.change(DeployersImpl.java:1983) [:2.2.2.GA]
	at org.jboss.deployers.plugins.deployers.DeployersImpl.process(DeployersImpl.java:1076) [:2.2.2.GA]
	at org.jboss.deployers.plugins.main.MainDeployerImpl.process(MainDeployerImpl.java:679) [:2.2.2.GA]
	at org.jboss.system.server.profileservice.deployers.MainDeployerPlugin.process(MainDeployerPlugin.java:106) [:6.1.0.Final]
	at org.jboss.profileservice.dependency.ProfileControllerContext$DelegateDeployer.process(ProfileControllerContext.java:143) [:0.2.2]
	at org.jboss.profileservice.dependency.ProfileDeployAction.deploy(ProfileDeployAction.java:151) [:0.2.2]
	at org.jboss.profileservice.dependency.ProfileDeployAction.installActionInternal(ProfileDeployAction.java:94) [:0.2.2]
	at org.jboss.kernel.plugins.dependency.InstallsAwareAction.installAction(InstallsAwareAction.java:54) [jboss-kernel.jar:2.2.0.SP2]
	at org.jboss.kernel.plugins.dependency.InstallsAwareAction.installAction(InstallsAwareAction.java:42) [jboss-kernel.jar:2.2.0.SP2]
	at org.jboss.dependency.plugins.action.SimpleControllerContextAction.simpleInstallAction(SimpleControllerContextAction.java:62) [jboss-dependency.jar:2.2.0.SP2]
	at org.jboss.dependency.plugins.action.AccessControllerContextAction.install(AccessControllerContextAction.java:71) [jboss-dependency.jar:2.2.0.SP2]
	at org.jboss.dependency.plugins.AbstractControllerContextActions.install(AbstractControllerContextActions.java:51) [jboss-dependency.jar:2.2.0.SP2]
	at org.jboss.dependency.plugins.AbstractControllerContext.install(AbstractControllerContext.java:379) [jboss-dependency.jar:2.2.0.SP2]
	at org.jboss.dependency.plugins.AbstractController.install(AbstractController.java:2044) [jboss-dependency.jar:2.2.0.SP2]
	at org.jboss.dependency.plugins.AbstractController.incrementState(AbstractController.java:1083) [jboss-dependency.jar:2.2.0.SP2]
	at org.jboss.dependency.plugins.AbstractController.executeOrIncrementStateDirectly(AbstractController.java:1322) [jboss-dependency.jar:2.2.0.SP2]
	at org.jboss.dependency.plugins.AbstractController.resolveContexts(AbstractController.java:1246) [jboss-dependency.jar:2.2.0.SP2]
	at org.jboss.dependency.plugins.AbstractController.resolveContexts(AbstractController.java:1139) [jboss-dependency.jar:2.2.0.SP2]
	at org.jboss.dependency.plugins.AbstractController.change(AbstractController.java:939) [jboss-dependency.jar:2.2.0.SP2]
	at org.jboss.dependency.plugins.AbstractController.change(AbstractController.java:654) [jboss-dependency.jar:2.2.0.SP2]
	at org.jboss.profileservice.dependency.ProfileActivationWrapper$BasicProfileActivation.start(ProfileActivationWrapper.java:190) [:0.2.2]
	at org.jboss.profileservice.dependency.ProfileActivationWrapper.start(ProfileActivationWrapper.java:87) [:0.2.2]
	at org.jboss.profileservice.dependency.ProfileActivationService.activateProfile(ProfileActivationService.java:215) [:0.2.2]
	at org.jboss.profileservice.dependency.ProfileActivationService.activate(ProfileActivationService.java:159) [:0.2.2]
	at org.jboss.profileservice.bootstrap.AbstractProfileServiceBootstrap.activate(AbstractProfileServiceBootstrap.java:112) [:0.2.2]
	at org.jboss.profileservice.resolver.BasicResolverFactory$ProfileResolverFacade.deploy(BasicResolverFactory.java:87) [:0.2.2]
	at org.jboss.profileservice.bootstrap.AbstractProfileServiceBootstrap.start(AbstractProfileServiceBootstrap.java:91) [:0.2.2]
	at org.jboss.system.server.profileservice.bootstrap.BasicProfileServiceBootstrap.start(BasicProfileServiceBootstrap.java:132) [:6.1.0.Final]
	at org.jboss.system.server.profileservice.bootstrap.BasicProfileServiceBootstrap.start(BasicProfileServiceBootstrap.java:56) [:6.1.0.Final]
	at org.jboss.bootstrap.impl.base.server.AbstractServer.startBootstraps(AbstractServer.java:827) [jboss-bootstrap-impl-base.jar:2.1.0-alpha-6]
	at org.jboss.bootstrap.impl.base.server.AbstractServer$StartServerTask.run(AbstractServer.java:417) [jboss-bootstrap-impl-base.jar:2.1.0-alpha-6]
	at java.lang.Thread.run(Unknown Source) [:1.8.0_111]

21:06:23,998 WARN  [AbstractKernelController] Broken callback: ClassSingleCallbackItem@64efa743{name=interface org.jboss.wsf.spi.metadata.DescriptorProcessor whenRequired=ControllerState@24f7992{Installed} dependentState=ControllerState@24f7992{Installed} attributeName=setProcessor owner=AbstractKernelControllerContext@4a2c20c7{ metadata=AbstractBeanMetaData@fa369c0{name=WSDescriptorDeployer bean=org.jboss.webservices.integration.deployers.WSDescriptorDeployer properties= classLoader=BeanMetaDataDeployer$DeploymentClassLoaderMetaData@4455e892{classloader=null} constructor=null autowireCandidate=true installCallbacks=[method=setProcessor, method=setParser]}name=WSDescriptorDeployer target=org.jboss.webservices.integration.deployers.WSDescriptorDeployer@72c940a6 state=Installed depends=AbstractDependencyInfo@11b7f311{}} signature=org.jboss.wsf.spi.metadata.DescriptorProcessor}: java.lang.ClassCastException: org.jboss.wsf.stack.cxf.deployment.jms.JMSDescriptorProcessorImpl cannot be cast to org.jboss.wsf.spi.metadata.webservices.WebservicesDescriptorProcessor
	at org.jboss.webservices.integration.deployers.WSDescriptorDeployer.setProcessor(WSDescriptorDeployer.java:33) [:6.1.0.Final]
	at sun.reflect.NativeMethodAccessorImpl.invoke0(Native Method) [:1.8.0_111]
	at sun.reflect.NativeMethodAccessorImpl.invoke(Unknown Source) [:1.8.0_111]
	at sun.reflect.DelegatingMethodAccessorImpl.invoke(Unknown Source) [:1.8.0_111]
	at java.lang.reflect.Method.invoke(Unknown Source) [:1.8.0_111]
	at org.jboss.reflect.plugins.introspection.ReflectionUtils.invoke(ReflectionUtils.java:60) [jboss-reflect.jar:2.2.1.SP1]
	at org.jboss.reflect.plugins.introspection.ReflectMethodInfoImpl.invoke(ReflectMethodInfoImpl.java:168) [jboss-reflect.jar:2.2.1.SP1]
	at org.jboss.joinpoint.plugins.BasicMethodJoinPoint.dispatch(BasicMethodJoinPoint.java:66) [jboss-reflect.jar:2.2.1.SP1]
	at org.jboss.beans.info.plugins.AbstractBeanInfo.invoke(AbstractBeanInfo.java:300) [jboss-reflect.jar:2.2.1.SP1]
	at org.jboss.kernel.plugins.dependency.AbstractKernelControllerContext.invoke(AbstractKernelControllerContext.java:305) [jboss-kernel.jar:2.2.0.SP2]
	at org.jboss.dependency.plugins.SingleCallbackItem.changeCallback(SingleCallbackItem.java:67) [jboss-dependency.jar:2.2.0.SP2]
	at org.jboss.dependency.plugins.AbstractCallbackItem.changeCallback(AbstractCallbackItem.java:80) [jboss-dependency.jar:2.2.0.SP2]
	at org.jboss.dependency.plugins.OwnerCallbackItem.changeCallback(OwnerCallbackItem.java:116) [jboss-dependency.jar:2.2.0.SP2]
	at org.jboss.dependency.plugins.AbstractController.resolveCallbacks(AbstractController.java:1951) [jboss-dependency.jar:2.2.0.SP2]
	at org.jboss.dependency.plugins.AbstractController.incrementState(AbstractController.java:1092) [jboss-dependency.jar:2.2.0.SP2]
	at org.jboss.dependency.plugins.AbstractController.executeOrIncrementStateDirectly(AbstractController.java:1322) [jboss-dependency.jar:2.2.0.SP2]
	at org.jboss.dependency.plugins.AbstractController.resolveContexts(AbstractController.java:1246) [jboss-dependency.jar:2.2.0.SP2]
	at org.jboss.dependency.plugins.AbstractController.resolveContexts(AbstractController.java:1139) [jboss-dependency.jar:2.2.0.SP2]
	at org.jboss.dependency.plugins.AbstractController.install(AbstractController.java:894) [jboss-dependency.jar:2.2.0.SP2]
	at org.jboss.dependency.plugins.AbstractController.install(AbstractController.java:641) [jboss-dependency.jar:2.2.0.SP2]
	at org.jboss.deployers.vfs.deployer.kernel.BeanMetaDataDeployer.deploy(BeanMetaDataDeployer.java:182) [:2.2.2.GA]
	at org.jboss.deployers.vfs.deployer.kernel.BeanMetaDataDeployer.deploy(BeanMetaDataDeployer.java:58) [:2.2.2.GA]
	at org.jboss.deployers.spi.deployer.helpers.AbstractSimpleRealDeployer.internalDeploy(AbstractSimpleRealDeployer.java:63) [:2.2.2.GA]
	at org.jboss.deployers.spi.deployer.helpers.AbstractRealDeployer.deploy(AbstractRealDeployer.java:55) [:2.2.2.GA]
	at org.jboss.deployers.plugins.deployers.DeployerWrapper.deploy(DeployerWrapper.java:179) [:2.2.2.GA]
	at org.jboss.deployers.plugins.deployers.DeployersImpl.doDeploy(DeployersImpl.java:1832) [:2.2.2.GA]
	at org.jboss.deployers.plugins.deployers.DeployersImpl.doInstallParentFirst(DeployersImpl.java:1550) [:2.2.2.GA]
	at org.jboss.deployers.plugins.deployers.DeployersImpl.doInstallParentFirst(DeployersImpl.java:1571) [:2.2.2.GA]
	at org.jboss.deployers.plugins.deployers.DeployersImpl.install(DeployersImpl.java:1491) [:2.2.2.GA]
	at org.jboss.dependency.plugins.AbstractControllerContext.install(AbstractControllerContext.java:379) [jboss-dependency.jar:2.2.0.SP2]
	at org.jboss.dependency.plugins.AbstractController.install(AbstractController.java:2044) [jboss-dependency.jar:2.2.0.SP2]
	at org.jboss.dependency.plugins.AbstractController.incrementState(AbstractController.java:1083) [jboss-dependency.jar:2.2.0.SP2]
	at org.jboss.dependency.plugins.AbstractController.executeOrIncrementStateDirectly(AbstractController.java:1322) [jboss-dependency.jar:2.2.0.SP2]
	at org.jboss.dependency.plugins.AbstractController.resolveContexts(AbstractController.java:1246) [jboss-dependency.jar:2.2.0.SP2]
	at org.jboss.dependency.plugins.AbstractController.resolveContexts(AbstractController.java:1139) [jboss-dependency.jar:2.2.0.SP2]
	at org.jboss.dependency.plugins.AbstractController.change(AbstractController.java:939) [jboss-dependency.jar:2.2.0.SP2]
	at org.jboss.dependency.plugins.AbstractController.change(AbstractController.java:654) [jboss-dependency.jar:2.2.0.SP2]
	at org.jboss.deployers.plugins.deployers.DeployersImpl.change(DeployersImpl.java:1983) [:2.2.2.GA]
	at org.jboss.deployers.plugins.deployers.DeployersImpl.process(DeployersImpl.java:1076) [:2.2.2.GA]
	at org.jboss.deployers.plugins.main.MainDeployerImpl.process(MainDeployerImpl.java:679) [:2.2.2.GA]
	at org.jboss.system.server.profileservice.deployers.MainDeployerPlugin.process(MainDeployerPlugin.java:106) [:6.1.0.Final]
	at org.jboss.profileservice.dependency.ProfileControllerContext$DelegateDeployer.process(ProfileControllerContext.java:143) [:0.2.2]
	at org.jboss.profileservice.dependency.ProfileDeployAction.deploy(ProfileDeployAction.java:151) [:0.2.2]
	at org.jboss.profileservice.dependency.ProfileDeployAction.installActionInternal(ProfileDeployAction.java:94) [:0.2.2]
	at org.jboss.kernel.plugins.dependency.InstallsAwareAction.installAction(InstallsAwareAction.java:54) [jboss-kernel.jar:2.2.0.SP2]
	at org.jboss.kernel.plugins.dependency.InstallsAwareAction.installAction(InstallsAwareAction.java:42) [jboss-kernel.jar:2.2.0.SP2]
	at org.jboss.dependency.plugins.action.SimpleControllerContextAction.simpleInstallAction(SimpleControllerContextAction.java:62) [jboss-dependency.jar:2.2.0.SP2]
	at org.jboss.dependency.plugins.action.AccessControllerContextAction.install(AccessControllerContextAction.java:71) [jboss-dependency.jar:2.2.0.SP2]
	at org.jboss.dependency.plugins.AbstractControllerContextActions.install(AbstractControllerContextActions.java:51) [jboss-dependency.jar:2.2.0.SP2]
	at org.jboss.dependency.plugins.AbstractControllerContext.install(AbstractControllerContext.java:379) [jboss-dependency.jar:2.2.0.SP2]
	at org.jboss.dependency.plugins.AbstractController.install(AbstractController.java:2044) [jboss-dependency.jar:2.2.0.SP2]
	at org.jboss.dependency.plugins.AbstractController.incrementState(AbstractController.java:1083) [jboss-dependency.jar:2.2.0.SP2]
	at org.jboss.dependency.plugins.AbstractController.executeOrIncrementStateDirectly(AbstractController.java:1322) [jboss-dependency.jar:2.2.0.SP2]
	at org.jboss.dependency.plugins.AbstractController.resolveContexts(AbstractController.java:1246) [jboss-dependency.jar:2.2.0.SP2]
	at org.jboss.dependency.plugins.AbstractController.resolveContexts(AbstractController.java:1139) [jboss-dependency.jar:2.2.0.SP2]
	at org.jboss.dependency.plugins.AbstractController.change(AbstractController.java:939) [jboss-dependency.jar:2.2.0.SP2]
	at org.jboss.dependency.plugins.AbstractController.change(AbstractController.java:654) [jboss-dependency.jar:2.2.0.SP2]
	at org.jboss.profileservice.dependency.ProfileActivationWrapper$BasicProfileActivation.start(ProfileActivationWrapper.java:190) [:0.2.2]
	at org.jboss.profileservice.dependency.ProfileActivationWrapper.start(ProfileActivationWrapper.java:87) [:0.2.2]
	at org.jboss.profileservice.dependency.ProfileActivationService.activateProfile(ProfileActivationService.java:215) [:0.2.2]
	at org.jboss.profileservice.dependency.ProfileActivationService.activate(ProfileActivationService.java:159) [:0.2.2]
	at org.jboss.profileservice.bootstrap.AbstractProfileServiceBootstrap.activate(AbstractProfileServiceBootstrap.java:112) [:0.2.2]
	at org.jboss.profileservice.resolver.BasicResolverFactory$ProfileResolverFacade.deploy(BasicResolverFactory.java:87) [:0.2.2]
	at org.jboss.profileservice.bootstrap.AbstractProfileServiceBootstrap.start(AbstractProfileServiceBootstrap.java:91) [:0.2.2]
	at org.jboss.system.server.profileservice.bootstrap.BasicProfileServiceBootstrap.start(BasicProfileServiceBootstrap.java:132) [:6.1.0.Final]
	at org.jboss.system.server.profileservice.bootstrap.BasicProfileServiceBootstrap.start(BasicProfileServiceBootstrap.java:56) [:6.1.0.Final]
	at org.jboss.bootstrap.impl.base.server.AbstractServer.startBootstraps(AbstractServer.java:827) [jboss-bootstrap-impl-base.jar:2.1.0-alpha-6]
	at org.jboss.bootstrap.impl.base.server.AbstractServer$StartServerTask.run(AbstractServer.java:417) [jboss-bootstrap-impl-base.jar:2.1.0-alpha-6]
	at java.lang.Thread.run(Unknown Source) [:1.8.0_111]

21:06:24,253 INFO  [JSFImplManagementDeployer] Initialized 3 JSF configurations: [Mojarra-1.2, MyFaces-2.0, Mojarra-2.0]
21:06:28,872 INFO  [SnmpAgentService] SNMP agent going active
21:06:29,207 WARNING [FileConfigurationParser] AIO wasn't located on this platform, it will fall back to using pure Java NIO. If your platform is Linux, install LibAIO to enable the AIO journal
21:06:29,288 WARN  [config] jacorb.home unset! Will use '.'
21:06:29,288 WARN  [config] File .\jacorb.properties for configuration jacorb not found
21:06:29,289 INFO  [config] configuration jacorb loaded from classpath
21:06:29,320 INFO  [orb] Property "jacorb.hashtable_class" is set to: java.util.Hashtable
21:06:29,329 WARN  [codeset] Warning - unknown codeset (Cp1252) - defaulting to ISO-8859-1
21:06:29,333 WARN  [config] jacorb.home unset! Will use '.'
21:06:29,333 WARN  [config] File .\jacorb.properties for configuration jacorb not found
21:06:29,334 INFO  [config] configuration jacorb loaded from classpath
21:06:29,334 INFO  [singleton] created ORBSingleton
21:06:29,415 INFO  [interceptors] InterceptorManager started with 2 Server Interceptors, 2 Client Interceptors and 4 IOR Interceptors
21:06:29,483 INFO  [orb] ORB run
21:06:29,554 INFO  [JMXConnector] starting JMXConnector on host localhost:1090
21:06:29,613 ERROR [Naming] Could not start on port 1099: java.net.BindException: Address already in use: JVM_Bind
	at java.net.DualStackPlainSocketImpl.bind0(Native Method) [:1.8.0_111]
	at java.net.DualStackPlainSocketImpl.socketBind(Unknown Source) [:1.8.0_111]
	at java.net.AbstractPlainSocketImpl.bind(Unknown Source) [:1.8.0_111]
	at java.net.PlainSocketImpl.bind(Unknown Source) [:1.8.0_111]
	at java.net.ServerSocket.bind(Unknown Source) [:1.8.0_111]
	at java.net.ServerSocket.<init>(Unknown Source) [:1.8.0_111]
	at javax.net.DefaultServerSocketFactory.createServerSocket(Unknown Source) [:1.8.0_111]
	at org.jnp.server.Main.initBootstrapListener(Main.java:480) [:5.0.5.Final]
	at org.jnp.server.Main.start(Main.java:427) [:5.0.5.Final]
	at sun.reflect.NativeMethodAccessorImpl.invoke0(Native Method) [:1.8.0_111]
	at sun.reflect.NativeMethodAccessorImpl.invoke(Unknown Source) [:1.8.0_111]
	at sun.reflect.DelegatingMethodAccessorImpl.invoke(Unknown Source) [:1.8.0_111]
	at java.lang.reflect.Method.invoke(Unknown Source) [:1.8.0_111]
	at org.jboss.reflect.plugins.introspection.ReflectionUtils.invoke(ReflectionUtils.java:60) [jboss-reflect.jar:2.2.1.SP1]
	at org.jboss.reflect.plugins.introspection.ReflectMethodInfoImpl.invoke(ReflectMethodInfoImpl.java:168) [jboss-reflect.jar:2.2.1.SP1]
	at org.jboss.joinpoint.plugins.BasicMethodJoinPoint.dispatch(BasicMethodJoinPoint.java:66) [jboss-reflect.jar:2.2.1.SP1]
	at org.jboss.kernel.plugins.dependency.KernelControllerContextAction$JoinpointDispatchWrapper.execute(KernelControllerContextAction.java:257) [jboss-kernel.jar:2.2.0.SP2]
	at org.jboss.kernel.plugins.dependency.ExecutionWrapper.execute(ExecutionWrapper.java:47) [jboss-kernel.jar:2.2.0.SP2]
	at org.jboss.kernel.plugins.dependency.KernelControllerContextAction.dispatchExecutionWrapper(KernelControllerContextAction.java:125) [jboss-kernel.jar:2.2.0.SP2]
	at org.jboss.kernel.plugins.dependency.KernelControllerContextAction.dispatchJoinPoint(KernelControllerContextAction.java:72) [jboss-kernel.jar:2.2.0.SP2]
	at org.jboss.kernel.plugins.dependency.LifecycleAction.installActionInternal(LifecycleAction.java:202) [jboss-kernel.jar:2.2.0.SP2]
	at org.jboss.kernel.plugins.dependency.InstallsAwareAction.installAction(InstallsAwareAction.java:54) [jboss-kernel.jar:2.2.0.SP2]
	at org.jboss.kernel.plugins.dependency.InstallsAwareAction.installAction(InstallsAwareAction.java:42) [jboss-kernel.jar:2.2.0.SP2]
	at org.jboss.dependency.plugins.action.SimpleControllerContextAction.simpleInstallAction(SimpleControllerContextAction.java:62) [jboss-dependency.jar:2.2.0.SP2]
	at org.jboss.dependency.plugins.action.AccessControllerContextAction.install(AccessControllerContextAction.java:71) [jboss-dependency.jar:2.2.0.SP2]
	at org.jboss.dependency.plugins.AbstractControllerContextActions.install(AbstractControllerContextActions.java:51) [jboss-dependency.jar:2.2.0.SP2]
	at org.jboss.dependency.plugins.AbstractControllerContext.install(AbstractControllerContext.java:379) [jboss-dependency.jar:2.2.0.SP2]
	at org.jboss.dependency.plugins.AbstractController.install(AbstractController.java:2044) [jboss-dependency.jar:2.2.0.SP2]
	at org.jboss.dependency.plugins.AbstractController.incrementState(AbstractController.java:1083) [jboss-dependency.jar:2.2.0.SP2]
	at org.jboss.dependency.plugins.AbstractController.executeOrIncrementStateDirectly(AbstractController.java:1322) [jboss-dependency.jar:2.2.0.SP2]
	at org.jboss.dependency.plugins.AbstractController.resolveContexts(AbstractController.java:1246) [jboss-dependency.jar:2.2.0.SP2]
	at org.jboss.dependency.plugins.AbstractController.resolveContexts(AbstractController.java:1139) [jboss-dependency.jar:2.2.0.SP2]
	at org.jboss.dependency.plugins.AbstractController.install(AbstractController.java:894) [jboss-dependency.jar:2.2.0.SP2]
	at org.jboss.dependency.plugins.AbstractController.install(AbstractController.java:641) [jboss-dependency.jar:2.2.0.SP2]
	at org.jboss.deployers.vfs.deployer.kernel.BeanMetaDataDeployer.deploy(BeanMetaDataDeployer.java:182) [:2.2.2.GA]
	at org.jboss.deployers.vfs.deployer.kernel.BeanMetaDataDeployer.deploy(BeanMetaDataDeployer.java:58) [:2.2.2.GA]
	at org.jboss.deployers.spi.deployer.helpers.AbstractSimpleRealDeployer.internalDeploy(AbstractSimpleRealDeployer.java:63) [:2.2.2.GA]
	at org.jboss.deployers.spi.deployer.helpers.AbstractRealDeployer.deploy(AbstractRealDeployer.java:55) [:2.2.2.GA]
	at org.jboss.deployers.plugins.deployers.DeployerWrapper.deploy(DeployerWrapper.java:179) [:2.2.2.GA]
	at org.jboss.deployers.plugins.deployers.DeployersImpl.doDeploy(DeployersImpl.java:1832) [:2.2.2.GA]
	at org.jboss.deployers.plugins.deployers.DeployersImpl.doInstallParentFirst(DeployersImpl.java:1550) [:2.2.2.GA]
	at org.jboss.deployers.plugins.deployers.DeployersImpl.doInstallParentFirst(DeployersImpl.java:1571) [:2.2.2.GA]
	at org.jboss.deployers.plugins.deployers.DeployersImpl.install(DeployersImpl.java:1491) [:2.2.2.GA]
	at org.jboss.dependency.plugins.AbstractControllerContext.install(AbstractControllerContext.java:379) [jboss-dependency.jar:2.2.0.SP2]
	at org.jboss.dependency.plugins.AbstractController.install(AbstractController.java:2044) [jboss-dependency.jar:2.2.0.SP2]
	at org.jboss.dependency.plugins.AbstractController.incrementState(AbstractController.java:1083) [jboss-dependency.jar:2.2.0.SP2]
	at org.jboss.dependency.plugins.AbstractController.executeOrIncrementStateDirectly(AbstractController.java:1322) [jboss-dependency.jar:2.2.0.SP2]
	at org.jboss.dependency.plugins.AbstractController.resolveContexts(AbstractController.java:1246) [jboss-dependency.jar:2.2.0.SP2]
	at org.jboss.dependency.plugins.AbstractController.resolveContexts(AbstractController.java:1139) [jboss-dependency.jar:2.2.0.SP2]
	at org.jboss.dependency.plugins.AbstractController.change(AbstractController.java:939) [jboss-dependency.jar:2.2.0.SP2]
	at org.jboss.dependency.plugins.AbstractController.change(AbstractController.java:654) [jboss-dependency.jar:2.2.0.SP2]
	at org.jboss.deployers.plugins.deployers.DeployersImpl.change(DeployersImpl.java:1983) [:2.2.2.GA]
	at org.jboss.deployers.plugins.deployers.DeployersImpl.process(DeployersImpl.java:1076) [:2.2.2.GA]
	at org.jboss.deployers.plugins.main.MainDeployerImpl.process(MainDeployerImpl.java:679) [:2.2.2.GA]
	at org.jboss.system.server.profileservice.deployers.MainDeployerPlugin.process(MainDeployerPlugin.java:106) [:6.1.0.Final]
	at org.jboss.profileservice.dependency.ProfileControllerContext$DelegateDeployer.process(ProfileControllerContext.java:143) [:0.2.2]
	at org.jboss.profileservice.dependency.ProfileDeployAction.deploy(ProfileDeployAction.java:151) [:0.2.2]
	at org.jboss.profileservice.dependency.ProfileDeployAction.installActionInternal(ProfileDeployAction.java:94) [:0.2.2]
	at org.jboss.kernel.plugins.dependency.InstallsAwareAction.installAction(InstallsAwareAction.java:54) [jboss-kernel.jar:2.2.0.SP2]
	at org.jboss.kernel.plugins.dependency.InstallsAwareAction.installAction(InstallsAwareAction.java:42) [jboss-kernel.jar:2.2.0.SP2]
	at org.jboss.dependency.plugins.action.SimpleControllerContextAction.simpleInstallAction(SimpleControllerContextAction.java:62) [jboss-dependency.jar:2.2.0.SP2]
	at org.jboss.dependency.plugins.action.AccessControllerContextAction.install(AccessControllerContextAction.java:71) [jboss-dependency.jar:2.2.0.SP2]
	at org.jboss.dependency.plugins.AbstractControllerContextActions.install(AbstractControllerContextActions.java:51) [jboss-dependency.jar:2.2.0.SP2]
	at org.jboss.dependency.plugins.AbstractControllerContext.install(AbstractControllerContext.java:379) [jboss-dependency.jar:2.2.0.SP2]
	at org.jboss.dependency.plugins.AbstractController.install(AbstractController.java:2044) [jboss-dependency.jar:2.2.0.SP2]
	at org.jboss.dependency.plugins.AbstractController.incrementState(AbstractController.java:1083) [jboss-dependency.jar:2.2.0.SP2]
	at org.jboss.dependency.plugins.AbstractController.executeOrIncrementStateDirectly(AbstractController.java:1322) [jboss-dependency.jar:2.2.0.SP2]
	at org.jboss.dependency.plugins.AbstractController.resolveContexts(AbstractController.java:1246) [jboss-dependency.jar:2.2.0.SP2]
	at org.jboss.dependency.plugins.AbstractController.resolveContexts(AbstractController.java:1139) [jboss-dependency.jar:2.2.0.SP2]
	at org.jboss.dependency.plugins.AbstractController.change(AbstractController.java:939) [jboss-dependency.jar:2.2.0.SP2]
	at org.jboss.dependency.plugins.AbstractController.change(AbstractController.java:654) [jboss-dependency.jar:2.2.0.SP2]
	at org.jboss.profileservice.dependency.ProfileActivationWrapper$BasicProfileActivation.start(ProfileActivationWrapper.java:190) [:0.2.2]
	at org.jboss.profileservice.dependency.ProfileActivationWrapper.start(ProfileActivationWrapper.java:87) [:0.2.2]
	at org.jboss.profileservice.dependency.ProfileActivationService.activateProfile(ProfileActivationService.java:215) [:0.2.2]
	at org.jboss.profileservice.dependency.ProfileActivationService.activate(ProfileActivationService.java:159) [:0.2.2]
	at org.jboss.profileservice.bootstrap.AbstractProfileServiceBootstrap.activate(AbstractProfileServiceBootstrap.java:112) [:0.2.2]
	at org.jboss.profileservice.resolver.BasicResolverFactory$ProfileResolverFacade.deploy(BasicResolverFactory.java:87) [:0.2.2]
	at org.jboss.profileservice.bootstrap.AbstractProfileServiceBootstrap.start(AbstractProfileServiceBootstrap.java:91) [:0.2.2]
	at org.jboss.system.server.profileservice.bootstrap.BasicProfileServiceBootstrap.start(BasicProfileServiceBootstrap.java:132) [:6.1.0.Final]
	at org.jboss.system.server.profileservice.bootstrap.BasicProfileServiceBootstrap.start(BasicProfileServiceBootstrap.java:56) [:6.1.0.Final]
	at org.jboss.bootstrap.impl.base.server.AbstractServer.startBootstraps(AbstractServer.java:827) [jboss-bootstrap-impl-base.jar:2.1.0-alpha-6]
	at org.jboss.bootstrap.impl.base.server.AbstractServer$StartServerTask.run(AbstractServer.java:417) [jboss-bootstrap-impl-base.jar:2.1.0-alpha-6]
	at java.lang.Thread.run(Unknown Source) [:1.8.0_111]

21:06:29,758 INFO  [MailService] Mail Service bound to java:/Mail
21:06:29,763 INFO  [poa] oid: 
72 6F 6F 74                                                 root
object is activated
21:06:29,791 INFO  [CorbaNamingService] CORBA Naming Started
21:06:30,081 INFO  [DefaultCacheContainerRegistry] Binding hibernate cache container to java:CacheManager/entity
21:06:30,249 INFO  [UnifiedInvokerHA] Service name is jboss:service=invoker,type=unifiedha
21:06:30,511 INFO  [HornetQServerImpl] live server is starting with configuration HornetQ Configuration (clustered=true,backup=false,sharedStore=true,journalDirectory=D:\EJB-FIAP-SCJ\ejb_prof\jboss6\server\all\data/hornetq/journal,bindingsDirectory=D:\EJB-FIAP-SCJ\ejb_prof\jboss6\server\all\data/hornetq/bindings,largeMessagesDirectory=D:\EJB-FIAP-SCJ\ejb_prof\jboss6\server\all\data/hornetq/largemessages,pagingDirectory=D:\EJB-FIAP-SCJ\ejb_prof\jboss6\server\all\data/hornetq/paging)
21:06:30,512 INFO  [HornetQServerImpl] Waiting to obtain live lock
21:06:30,559 INFO  [JournalStorageManager] Using NIO Journal
21:06:30,572 WARNING [HornetQServerImpl] Security risk! It has been detected that the cluster admin user and password have not been changed from the installation default. Please see the HornetQ user guide, cluster chapter, for instructions on how to do this.
21:06:30,744 INFO  [FileLockNodeManager] Waiting to obtain live lock
21:06:30,744 INFO  [FileLockNodeManager] Live Server Obtained live lock
21:06:31,523 INFO  [NettyAcceptor] Started Netty Acceptor version 3.2.3.Final-r${buildNumber} localhost:5455 for CORE protocol
21:06:31,524 INFO  [NettyAcceptor] Started Netty Acceptor version 3.2.3.Final-r${buildNumber} localhost:5445 for CORE protocol
21:06:31,547 INFO  [HornetQServerImpl] Server is now live
21:06:31,547 INFO  [HornetQServerImpl] HornetQ Server version 2.2.5.Final (HQ_2_2_5_FINAL_AS7, 121) [f66ea6ec-8c48-11e7-bf82-0a0027000003] started
21:06:31,572 INFO  [WebService] Using RMI server codebase: http://localhost:8083/
21:06:31,583 INFO  [ClusterPartition] Initializing partition DefaultPartition
21:06:31,617 INFO  [TransactionManagerFactory] Using a batchMode transaction manager
21:06:31,800 INFO  [JGroupsTransport] Starting JGroups Channel
21:06:31,811 INFO  [JChannel] JGroups version: 2.11.0.GA
21:06:31,897 WARN  [Configurator] UDP property timer.num_threads was deprecated and is ignored
21:06:32,982 INFO  [STDOUT] 
21:06:32,982 INFO  [STDOUT] -------------------------------------------------------------------
21:06:32,982 INFO  [STDOUT] GMS: address=localhost:1099, cluster=DefaultPartition-HAPartition, physical address=127.0.0.1:55200
21:06:32,982 INFO  [STDOUT] -------------------------------------------------------------------
21:06:34,998 INFO  [JGroupsTransport] Received new cluster view: [localhost:1099|0] [localhost:1099]
21:06:35,000 INFO  [JGroupsTransport] Cache local address is localhost:1099, physical addresses are [127.0.0.1:55200]
21:06:35,000 INFO  [GlobalComponentRegistry] Infinispan version: Infinispan 'Ursus' 4.2.0.FINAL
21:06:35,011 INFO  [ComponentsJmxRegistration] Could not register object with name: org.infinispan:type=Cache,name="distributed-state(repl_sync)",manager="ha-partition",component=Cache
21:06:35,011 INFO  [CacheJmxRegistration] MBeans were successfully registered to the platform mbean server.
21:06:35,011 INFO  [ComponentRegistry] Infinispan version: Infinispan 'Ursus' 4.2.0.FINAL
21:06:35,014 INFO  [DefaultCacheContainerFactory] Started "distributed-state" cache from "ha-partition" container
21:06:35,023 INFO  [DefaultPartition] Number of cluster members: 1
21:06:35,024 INFO  [DefaultPartition] Fetching initial service state (will wait for 30000 milliseconds for each service):
21:06:35,104 ERROR [HANamingService] Could not start HAJNDI bootstrap listener on port 1100: java.net.BindException: Address already in use: JVM_Bind
	at java.net.DualStackPlainSocketImpl.bind0(Native Method) [:1.8.0_111]
	at java.net.DualStackPlainSocketImpl.socketBind(Unknown Source) [:1.8.0_111]
	at java.net.AbstractPlainSocketImpl.bind(Unknown Source) [:1.8.0_111]
	at java.net.PlainSocketImpl.bind(Unknown Source) [:1.8.0_111]
	at java.net.ServerSocket.bind(Unknown Source) [:1.8.0_111]
	at java.net.ServerSocket.<init>(Unknown Source) [:1.8.0_111]
	at javax.net.DefaultServerSocketFactory.createServerSocket(Unknown Source) [:1.8.0_111]
	at org.jboss.ha.jndi.DetachedHANamingService.initBootstrapListener(DetachedHANamingService.java:472) [:6.1.0.Final]
	at org.jboss.ha.jndi.DetachedHANamingService.startService(DetachedHANamingService.java:369) [:6.1.0.Final]
	at org.jboss.system.ServiceMBeanSupport.jbossInternalStart(ServiceMBeanSupport.java:355) [:6.1.0.Final (Build SVNTag:JBoss_6.1.0.Final date: 20110816)]
	at org.jboss.system.ServiceMBeanSupport.pojoStart(ServiceMBeanSupport.java:195) [:6.1.0.Final (Build SVNTag:JBoss_6.1.0.Final date: 20110816)]
	at sun.reflect.NativeMethodAccessorImpl.invoke0(Native Method) [:1.8.0_111]
	at sun.reflect.NativeMethodAccessorImpl.invoke(Unknown Source) [:1.8.0_111]
	at sun.reflect.DelegatingMethodAccessorImpl.invoke(Unknown Source) [:1.8.0_111]
	at java.lang.reflect.Method.invoke(Unknown Source) [:1.8.0_111]
	at org.jboss.reflect.plugins.introspection.ReflectionUtils.invoke(ReflectionUtils.java:60) [jboss-reflect.jar:2.2.1.SP1]
	at org.jboss.reflect.plugins.introspection.ReflectMethodInfoImpl.invoke(ReflectMethodInfoImpl.java:168) [jboss-reflect.jar:2.2.1.SP1]
	at org.jboss.joinpoint.plugins.BasicMethodJoinPoint.dispatch(BasicMethodJoinPoint.java:66) [jboss-reflect.jar:2.2.1.SP1]
	at org.jboss.kernel.plugins.dependency.KernelControllerContextAction$JoinpointDispatchWrapper.execute(KernelControllerContextAction.java:257) [jboss-kernel.jar:2.2.0.SP2]
	at org.jboss.kernel.plugins.dependency.ExecutionWrapper.execute(ExecutionWrapper.java:47) [jboss-kernel.jar:2.2.0.SP2]
	at org.jboss.kernel.plugins.dependency.KernelControllerContextAction.dispatchExecutionWrapper(KernelControllerContextAction.java:125) [jboss-kernel.jar:2.2.0.SP2]
	at org.jboss.kernel.plugins.dependency.KernelControllerContextAction.dispatchJoinPoint(KernelControllerContextAction.java:72) [jboss-kernel.jar:2.2.0.SP2]
	at org.jboss.kernel.plugins.dependency.LifecycleAction.installActionInternal(LifecycleAction.java:202) [jboss-kernel.jar:2.2.0.SP2]
	at org.jboss.kernel.plugins.dependency.InstallsAwareAction.installAction(InstallsAwareAction.java:54) [jboss-kernel.jar:2.2.0.SP2]
	at org.jboss.kernel.plugins.dependency.InstallsAwareAction.installAction(InstallsAwareAction.java:42) [jboss-kernel.jar:2.2.0.SP2]
	at org.jboss.dependency.plugins.action.SimpleControllerContextAction.simpleInstallAction(SimpleControllerContextAction.java:62) [jboss-dependency.jar:2.2.0.SP2]
	at org.jboss.dependency.plugins.action.AccessControllerContextAction.install(AccessControllerContextAction.java:71) [jboss-dependency.jar:2.2.0.SP2]
	at org.jboss.dependency.plugins.AbstractControllerContextActions.install(AbstractControllerContextActions.java:51) [jboss-dependency.jar:2.2.0.SP2]
	at org.jboss.dependency.plugins.AbstractControllerContext.install(AbstractControllerContext.java:379) [jboss-dependency.jar:2.2.0.SP2]
	at org.jboss.dependency.plugins.AbstractController.install(AbstractController.java:2044) [jboss-dependency.jar:2.2.0.SP2]
	at org.jboss.dependency.plugins.AbstractController.incrementState(AbstractController.java:1083) [jboss-dependency.jar:2.2.0.SP2]
	at org.jboss.dependency.plugins.AbstractController.executeOrIncrementStateDirectly(AbstractController.java:1322) [jboss-dependency.jar:2.2.0.SP2]
	at org.jboss.dependency.plugins.AbstractController.resolveContexts(AbstractController.java:1246) [jboss-dependency.jar:2.2.0.SP2]
	at org.jboss.dependency.plugins.AbstractController.resolveContexts(AbstractController.java:1139) [jboss-dependency.jar:2.2.0.SP2]
	at org.jboss.dependency.plugins.AbstractController.install(AbstractController.java:894) [jboss-dependency.jar:2.2.0.SP2]
	at org.jboss.dependency.plugins.AbstractController.install(AbstractController.java:641) [jboss-dependency.jar:2.2.0.SP2]
	at org.jboss.system.ServiceController.doInstall(ServiceController.java:653) [:6.1.0.Final (Build SVNTag:JBoss_6.1.0.Final date: 20110816)]
	at org.jboss.system.ServiceController.register(ServiceController.java:356) [:6.1.0.Final (Build SVNTag:JBoss_6.1.0.Final date: 20110816)]
	at org.jboss.system.microcontainer.jmx.ServiceControllerRegistrationLifecycleCallback.install(ServiceControllerRegistrationLifecycleCallback.java:104) [:6.1.0.Final]
	at sun.reflect.GeneratedMethodAccessor240.invoke(Unknown Source) [:1.8.0_111]
	at sun.reflect.DelegatingMethodAccessorImpl.invoke(Unknown Source) [:1.8.0_111]
	at java.lang.reflect.Method.invoke(Unknown Source) [:1.8.0_111]
	at org.jboss.reflect.plugins.introspection.ReflectionUtils.invoke(ReflectionUtils.java:60) [jboss-reflect.jar:2.2.1.SP1]
	at org.jboss.reflect.plugins.introspection.ReflectMethodInfoImpl.invoke(ReflectMethodInfoImpl.java:168) [jboss-reflect.jar:2.2.1.SP1]
	at org.jboss.joinpoint.plugins.BasicMethodJoinPoint.dispatch(BasicMethodJoinPoint.java:66) [jboss-reflect.jar:2.2.1.SP1]
	at org.jboss.beans.info.plugins.AbstractBeanInfo.invoke(AbstractBeanInfo.java:300) [jboss-reflect.jar:2.2.1.SP1]
	at org.jboss.kernel.plugins.dependency.AbstractKernelControllerContext.invoke(AbstractKernelControllerContext.java:305) [jboss-kernel.jar:2.2.0.SP2]
	at org.jboss.dependency.plugins.AbstractLifecycleCallbackItem.install(AbstractLifecycleCallbackItem.java:87) [jboss-dependency.jar:2.2.0.SP2]
	at org.jboss.dependency.plugins.AbstractController.handleLifecycleCallbacks(AbstractController.java:2018) [jboss-dependency.jar:2.2.0.SP2]
	at org.jboss.dependency.plugins.AbstractController.handleInstallLifecycleCallbacks(AbstractController.java:1983) [jboss-dependency.jar:2.2.0.SP2]
	at org.jboss.dependency.plugins.AbstractController.incrementState(AbstractController.java:1091) [jboss-dependency.jar:2.2.0.SP2]
	at org.jboss.dependency.plugins.AbstractController.executeOrIncrementStateDirectly(AbstractController.java:1322) [jboss-dependency.jar:2.2.0.SP2]
	at org.jboss.dependency.plugins.AbstractController.resolveContexts(AbstractController.java:1246) [jboss-dependency.jar:2.2.0.SP2]
	at org.jboss.dependency.plugins.AbstractController.resolveContexts(AbstractController.java:1139) [jboss-dependency.jar:2.2.0.SP2]
	at org.jboss.dependency.plugins.AbstractController.change(AbstractController.java:939) [jboss-dependency.jar:2.2.0.SP2]
	at org.jboss.dependency.plugins.AbstractController.change(AbstractController.java:654) [jboss-dependency.jar:2.2.0.SP2]
	at org.jboss.system.ServiceController.doChange(ServiceController.java:671) [:6.1.0.Final (Build SVNTag:JBoss_6.1.0.Final date: 20110816)]
	at org.jboss.system.ServiceController.start(ServiceController.java:443) [:6.1.0.Final (Build SVNTag:JBoss_6.1.0.Final date: 20110816)]
	at org.jboss.system.microcontainer.jmx.ServiceControllerStartStopLifecycleCallback.install(ServiceControllerStartStopLifecycleCallback.java:44) [:6.1.0.Final]
	at sun.reflect.GeneratedMethodAccessor242.invoke(Unknown Source) [:1.8.0_111]
	at sun.reflect.DelegatingMethodAccessorImpl.invoke(Unknown Source) [:1.8.0_111]
	at java.lang.reflect.Method.invoke(Unknown Source) [:1.8.0_111]
	at org.jboss.reflect.plugins.introspection.ReflectionUtils.invoke(ReflectionUtils.java:60) [jboss-reflect.jar:2.2.1.SP1]
	at org.jboss.reflect.plugins.introspection.ReflectMethodInfoImpl.invoke(ReflectMethodInfoImpl.java:168) [jboss-reflect.jar:2.2.1.SP1]
	at org.jboss.joinpoint.plugins.BasicMethodJoinPoint.dispatch(BasicMethodJoinPoint.java:66) [jboss-reflect.jar:2.2.1.SP1]
	at org.jboss.beans.info.plugins.AbstractBeanInfo.invoke(AbstractBeanInfo.java:300) [jboss-reflect.jar:2.2.1.SP1]
	at org.jboss.kernel.plugins.dependency.AbstractKernelControllerContext.invoke(AbstractKernelControllerContext.java:305) [jboss-kernel.jar:2.2.0.SP2]
	at org.jboss.dependency.plugins.AbstractLifecycleCallbackItem.install(AbstractLifecycleCallbackItem.java:87) [jboss-dependency.jar:2.2.0.SP2]
	at org.jboss.dependency.plugins.AbstractController.handleLifecycleCallbacks(AbstractController.java:2018) [jboss-dependency.jar:2.2.0.SP2]
	at org.jboss.dependency.plugins.AbstractController.handleInstallLifecycleCallbacks(AbstractController.java:1983) [jboss-dependency.jar:2.2.0.SP2]
	at org.jboss.dependency.plugins.AbstractController.incrementState(AbstractController.java:1091) [jboss-dependency.jar:2.2.0.SP2]
	at org.jboss.dependency.plugins.AbstractController.executeOrIncrementStateDirectly(AbstractController.java:1322) [jboss-dependency.jar:2.2.0.SP2]
	at org.jboss.dependency.plugins.AbstractController.resolveContexts(AbstractController.java:1246) [jboss-dependency.jar:2.2.0.SP2]
	at org.jboss.dependency.plugins.AbstractController.resolveContexts(AbstractController.java:1139) [jboss-dependency.jar:2.2.0.SP2]
	at org.jboss.dependency.plugins.AbstractController.change(AbstractController.java:939) [jboss-dependency.jar:2.2.0.SP2]
	at org.jboss.dependency.plugins.AbstractController.change(AbstractController.java:654) [jboss-dependency.jar:2.2.0.SP2]
	at org.jboss.system.ServiceController.doChange(ServiceController.java:671) [:6.1.0.Final (Build SVNTag:JBoss_6.1.0.Final date: 20110816)]
	at org.jboss.system.ServiceController.start(ServiceController.java:443) [:6.1.0.Final (Build SVNTag:JBoss_6.1.0.Final date: 20110816)]
	at org.jboss.system.microcontainer.jmx.ServiceControllerStartStopLifecycleCallback.install(ServiceControllerStartStopLifecycleCallback.java:44) [:6.1.0.Final]
	at sun.reflect.GeneratedMethodAccessor242.invoke(Unknown Source) [:1.8.0_111]
	at sun.reflect.DelegatingMethodAccessorImpl.invoke(Unknown Source) [:1.8.0_111]
	at java.lang.reflect.Method.invoke(Unknown Source) [:1.8.0_111]
	at org.jboss.reflect.plugins.introspection.ReflectionUtils.invoke(ReflectionUtils.java:60) [jboss-reflect.jar:2.2.1.SP1]
	at org.jboss.reflect.plugins.introspection.ReflectMethodInfoImpl.invoke(ReflectMethodInfoImpl.java:168) [jboss-reflect.jar:2.2.1.SP1]
	at org.jboss.joinpoint.plugins.BasicMethodJoinPoint.dispatch(BasicMethodJoinPoint.java:66) [jboss-reflect.jar:2.2.1.SP1]
	at org.jboss.beans.info.plugins.AbstractBeanInfo.invoke(AbstractBeanInfo.java:300) [jboss-reflect.jar:2.2.1.SP1]
	at org.jboss.kernel.plugins.dependency.AbstractKernelControllerContext.invoke(AbstractKernelControllerContext.java:305) [jboss-kernel.jar:2.2.0.SP2]
	at org.jboss.dependency.plugins.AbstractLifecycleCallbackItem.install(AbstractLifecycleCallbackItem.java:87) [jboss-dependency.jar:2.2.0.SP2]
	at org.jboss.dependency.plugins.AbstractController.handleLifecycleCallbacks(AbstractController.java:2018) [jboss-dependency.jar:2.2.0.SP2]
	at org.jboss.dependency.plugins.AbstractController.handleInstallLifecycleCallbacks(AbstractController.java:1983) [jboss-dependency.jar:2.2.0.SP2]
	at org.jboss.dependency.plugins.AbstractController.incrementState(AbstractController.java:1091) [jboss-dependency.jar:2.2.0.SP2]
	at org.jboss.dependency.plugins.AbstractController.executeOrIncrementStateDirectly(AbstractController.java:1322) [jboss-dependency.jar:2.2.0.SP2]
	at org.jboss.dependency.plugins.AbstractController.resolveContexts(AbstractController.java:1246) [jboss-dependency.jar:2.2.0.SP2]
	at org.jboss.dependency.plugins.AbstractController.resolveContexts(AbstractController.java:1139) [jboss-dependency.jar:2.2.0.SP2]
	at org.jboss.dependency.plugins.AbstractController.install(AbstractController.java:894) [jboss-dependency.jar:2.2.0.SP2]
	at org.jboss.dependency.plugins.AbstractController.install(AbstractController.java:641) [jboss-dependency.jar:2.2.0.SP2]
	at org.jboss.deployers.vfs.deployer.kernel.BeanMetaDataDeployer.deploy(BeanMetaDataDeployer.java:182) [:2.2.2.GA]
	at org.jboss.deployers.vfs.deployer.kernel.BeanMetaDataDeployer.deploy(BeanMetaDataDeployer.java:58) [:2.2.2.GA]
	at org.jboss.deployers.spi.deployer.helpers.AbstractSimpleRealDeployer.internalDeploy(AbstractSimpleRealDeployer.java:63) [:2.2.2.GA]
	at org.jboss.deployers.spi.deployer.helpers.AbstractRealDeployer.deploy(AbstractRealDeployer.java:55) [:2.2.2.GA]
	at org.jboss.deployers.plugins.deployers.DeployerWrapper.deploy(DeployerWrapper.java:179) [:2.2.2.GA]
	at org.jboss.deployers.plugins.deployers.DeployersImpl.doDeploy(DeployersImpl.java:1832) [:2.2.2.GA]
	at org.jboss.deployers.plugins.deployers.DeployersImpl.doInstallParentFirst(DeployersImpl.java:1550) [:2.2.2.GA]
	at org.jboss.deployers.plugins.deployers.DeployersImpl.doInstallParentFirst(DeployersImpl.java:1571) [:2.2.2.GA]
	at org.jboss.deployers.plugins.deployers.DeployersImpl.install(DeployersImpl.java:1491) [:2.2.2.GA]
	at org.jboss.dependency.plugins.AbstractControllerContext.install(AbstractControllerContext.java:379) [jboss-dependency.jar:2.2.0.SP2]
	at org.jboss.dependency.plugins.AbstractController.install(AbstractController.java:2044) [jboss-dependency.jar:2.2.0.SP2]
	at org.jboss.dependency.plugins.AbstractController.incrementState(AbstractController.java:1083) [jboss-dependency.jar:2.2.0.SP2]
	at org.jboss.dependency.plugins.AbstractController.executeOrIncrementStateDirectly(AbstractController.java:1322) [jboss-dependency.jar:2.2.0.SP2]
	at org.jboss.dependency.plugins.AbstractController.resolveContexts(AbstractController.java:1246) [jboss-dependency.jar:2.2.0.SP2]
	at org.jboss.dependency.plugins.AbstractController.resolveContexts(AbstractController.java:1139) [jboss-dependency.jar:2.2.0.SP2]
	at org.jboss.dependency.plugins.AbstractController.change(AbstractController.java:939) [jboss-dependency.jar:2.2.0.SP2]
	at org.jboss.dependency.plugins.AbstractController.change(AbstractController.java:654) [jboss-dependency.jar:2.2.0.SP2]
	at org.jboss.deployers.plugins.deployers.DeployersImpl.change(DeployersImpl.java:1983) [:2.2.2.GA]
	at org.jboss.deployers.plugins.deployers.DeployersImpl.process(DeployersImpl.java:1076) [:2.2.2.GA]
	at org.jboss.deployers.plugins.main.MainDeployerImpl.process(MainDeployerImpl.java:679) [:2.2.2.GA]
	at org.jboss.system.server.profileservice.deployers.MainDeployerPlugin.process(MainDeployerPlugin.java:106) [:6.1.0.Final]
	at org.jboss.profileservice.dependency.ProfileControllerContext$DelegateDeployer.process(ProfileControllerContext.java:143) [:0.2.2]
	at org.jboss.profileservice.dependency.ProfileDeployAction.deploy(ProfileDeployAction.java:151) [:0.2.2]
	at org.jboss.profileservice.dependency.ProfileDeployAction.installActionInternal(ProfileDeployAction.java:94) [:0.2.2]
	at org.jboss.kernel.plugins.dependency.InstallsAwareAction.installAction(InstallsAwareAction.java:54) [jboss-kernel.jar:2.2.0.SP2]
	at org.jboss.kernel.plugins.dependency.InstallsAwareAction.installAction(InstallsAwareAction.java:42) [jboss-kernel.jar:2.2.0.SP2]
	at org.jboss.dependency.plugins.action.SimpleControllerContextAction.simpleInstallAction(SimpleControllerContextAction.java:62) [jboss-dependency.jar:2.2.0.SP2]
	at org.jboss.dependency.plugins.action.AccessControllerContextAction.install(AccessControllerContextAction.java:71) [jboss-dependency.jar:2.2.0.SP2]
	at org.jboss.dependency.plugins.AbstractControllerContextActions.install(AbstractControllerContextActions.java:51) [jboss-dependency.jar:2.2.0.SP2]
	at org.jboss.dependency.plugins.AbstractControllerContext.install(AbstractControllerContext.java:379) [jboss-dependency.jar:2.2.0.SP2]
	at org.jboss.dependency.plugins.AbstractController.install(AbstractController.java:2044) [jboss-dependency.jar:2.2.0.SP2]
	at org.jboss.dependency.plugins.AbstractController.incrementState(AbstractController.java:1083) [jboss-dependency.jar:2.2.0.SP2]
	at org.jboss.dependency.plugins.AbstractController.executeOrIncrementStateDirectly(AbstractController.java:1322) [jboss-dependency.jar:2.2.0.SP2]
	at org.jboss.dependency.plugins.AbstractController.resolveContexts(AbstractController.java:1246) [jboss-dependency.jar:2.2.0.SP2]
	at org.jboss.dependency.plugins.AbstractController.resolveContexts(AbstractController.java:1139) [jboss-dependency.jar:2.2.0.SP2]
	at org.jboss.dependency.plugins.AbstractController.change(AbstractController.java:939) [jboss-dependency.jar:2.2.0.SP2]
	at org.jboss.dependency.plugins.AbstractController.change(AbstractController.java:654) [jboss-dependency.jar:2.2.0.SP2]
	at org.jboss.profileservice.dependency.ProfileActivationWrapper$BasicProfileActivation.start(ProfileActivationWrapper.java:190) [:0.2.2]
	at org.jboss.profileservice.dependency.ProfileActivationWrapper.start(ProfileActivationWrapper.java:87) [:0.2.2]
	at org.jboss.profileservice.dependency.ProfileActivationService.activateProfile(ProfileActivationService.java:215) [:0.2.2]
	at org.jboss.profileservice.dependency.ProfileActivationService.activate(ProfileActivationService.java:159) [:0.2.2]
	at org.jboss.profileservice.bootstrap.AbstractProfileServiceBootstrap.activate(AbstractProfileServiceBootstrap.java:112) [:0.2.2]
	at org.jboss.profileservice.resolver.BasicResolverFactory$ProfileResolverFacade.deploy(BasicResolverFactory.java:87) [:0.2.2]
	at org.jboss.profileservice.bootstrap.AbstractProfileServiceBootstrap.start(AbstractProfileServiceBootstrap.java:91) [:0.2.2]
	at org.jboss.system.server.profileservice.bootstrap.BasicProfileServiceBootstrap.start(BasicProfileServiceBootstrap.java:132) [:6.1.0.Final]
	at org.jboss.system.server.profileservice.bootstrap.BasicProfileServiceBootstrap.start(BasicProfileServiceBootstrap.java:56) [:6.1.0.Final]
	at org.jboss.bootstrap.impl.base.server.AbstractServer.startBootstraps(AbstractServer.java:827) [jboss-bootstrap-impl-base.jar:2.1.0-alpha-6]
	at org.jboss.bootstrap.impl.base.server.AbstractServer$StartServerTask.run(AbstractServer.java:417) [jboss-bootstrap-impl-base.jar:2.1.0-alpha-6]
	at java.lang.Thread.run(Unknown Source) [:1.8.0_111]

21:06:35,186 INFO  [DetachedHANamingService$AutomaticDiscovery] Listening on /127.0.0.1:1102, group=230.0.0.4, HA-JNDI address=127.0.0.1:1100
21:06:35,188 INFO  [TransactionManagerFactory] Using a batchMode transaction manager
21:06:35,193 INFO  [ComponentsJmxRegistration] Could not register object with name: org.infinispan:type=Cache,name="distributed-tree(repl_sync)",manager="ha-partition",component=Cache
21:06:35,194 INFO  [CacheJmxRegistration] MBeans were successfully registered to the platform mbean server.
21:06:35,194 INFO  [ComponentRegistry] Infinispan version: Infinispan 'Ursus' 4.2.0.FINAL
21:06:35,194 INFO  [DefaultCacheContainerFactory] Started "distributed-tree" cache from "ha-partition" container
21:06:35,323 INFO  [jbossatx] ARJUNA-32010 JBossTS Recovery Service (tag: JBOSSTS_4_14_0_Final) - JBoss Inc.
21:06:35,327 INFO  [arjuna] ARJUNA-12324 Start RecoveryActivators
21:06:35,336 INFO  [arjuna] ARJUNA-12296 ExpiredEntryMonitor running at Seg, 28 ago 2017 21:06:35
21:06:35,370 INFO  [arjuna] ARJUNA-12310 Recovery manager listening on endpoint 127.0.0.1:4712
21:06:35,370 INFO  [arjuna] ARJUNA-12344 RecoveryManagerImple is ready on port 4712
21:06:35,371 INFO  [jbossatx] ARJUNA-32013 Starting transaction recovery manager
21:06:35,375 INFO  [arjuna] ARJUNA-12163 Starting service com.arjuna.ats.arjuna.recovery.ActionStatusService on port 4713
21:06:35,376 INFO  [arjuna] ARJUNA-12337 TransactionStatusManagerItem host: 127.0.0.1 port: 4713
21:06:35,650 INFO  [arjuna] ARJUNA-12170 TransactionStatusManager started on port 4713 and host 127.0.0.1 with service com.arjuna.ats.arjuna.recovery.ActionStatusService
21:06:35,684 INFO  [jbossatx] ARJUNA-32017 JBossTS Transaction Service (JTA version - tag: JBOSSTS_4_14_0_Final) - JBoss Inc.
21:06:35,721 INFO  [arjuna] ARJUNA-12202 registering bean jboss.jta:type=ObjectStore.
21:06:35,836 INFO  [AprLifecycleListener] The Apache Tomcat Native library which allows optimal performance in production environments was not found on the java.library.path: D:/EJB-FIAP-SCJ/ejb_prof/jboss6/bin/native
21:06:35,934 INFO  [TomcatDeployment] deploy, ctxPath=/invoker
21:06:36,162 INFO  [HAModClusterService$ClusteredModClusterService] Initializing mod_cluster 1.1.0.Final
21:06:36,207 INFO  [RARDeployment] Required license terms exist, view vfs:/D:/EJB-FIAP-SCJ/ejb_prof/jboss6/server/all/deploy/jboss-local-jdbc.rar/META-INF/ra.xml
21:06:36,218 INFO  [RARDeployment] Required license terms exist, view vfs:/D:/EJB-FIAP-SCJ/ejb_prof/jboss6/server/all/deploy/jboss-xa-jdbc.rar/META-INF/ra.xml
21:06:36,225 INFO  [RARDeployment] Required license terms exist, view vfs:/D:/EJB-FIAP-SCJ/ejb_prof/jboss6/server/all/deploy/jms-ra.rar/META-INF/ra.xml
21:06:36,238 INFO  [HornetQResourceAdapter] HornetQ resource adaptor started
21:06:36,243 INFO  [RARDeployment] Required license terms exist, view vfs:/D:/EJB-FIAP-SCJ/ejb_prof/jboss6/server/all/deploy/mail-ra.rar/META-INF/ra.xml
21:06:36,252 INFO  [RARDeployment] Required license terms exist, view vfs:/D:/EJB-FIAP-SCJ/ejb_prof/jboss6/server/all/deploy/quartz-ra.rar/META-INF/ra.xml
21:06:36,337 INFO  [SimpleThreadPool] Job execution threads will use class loader of thread: Thread-2
21:06:36,362 INFO  [SchedulerSignalerImpl] Initialized Scheduler Signaller of type: class org.quartz.core.SchedulerSignalerImpl
21:06:36,362 INFO  [QuartzScheduler] Quartz Scheduler v.1.8.3 created.
21:06:36,364 INFO  [RAMJobStore] RAMJobStore initialized.
21:06:36,366 INFO  [QuartzScheduler] Scheduler meta-data: Quartz Scheduler (v1.8.3) 'JBossQuartzScheduler' with instanceId 'NON_CLUSTERED'
  Scheduler class: 'org.quartz.core.QuartzScheduler' - running locally.
  NOT STARTED.
  Currently in standby mode.
  Number of jobs executed: 0
  Using thread pool 'org.quartz.simpl.SimpleThreadPool' - with 10 threads.
  Using job-store 'org.quartz.simpl.RAMJobStore' - which does not support persistence. and is not clustered.

21:06:36,366 INFO  [StdSchedulerFactory] Quartz scheduler 'JBossQuartzScheduler' initialized from an externally opened InputStream.
21:06:36,366 INFO  [StdSchedulerFactory] Quartz scheduler version: 1.8.3
21:06:36,366 INFO  [QuartzScheduler] Scheduler JBossQuartzScheduler_$_NON_CLUSTERED started.
21:06:36,751 INFO  [ConnectionFactoryBindingService] Bound ConnectionManager 'jboss.jca:service=DataSourceBinding,name=DefaultDS' to JNDI name 'java:DefaultDS'
21:06:36,858 INFO  [TomcatDeployment] deploy, ctxPath=/juddi
21:06:36,879 INFO  [RegistryServlet] Loading jUDDI configuration.
21:06:36,886 INFO  [RegistryServlet] Resources loaded from: /WEB-INF/juddi.properties
21:06:36,886 INFO  [RegistryServlet] Initializing jUDDI components.
21:06:37,007 INFO  [ConnectionFactoryBindingService] Bound ConnectionManager 'jboss.jca:service=ConnectionFactoryBinding,name=JmsXA' to JNDI name 'java:JmsXA'
21:06:37,108 INFO  [xnio] XNIO Version 2.1.0.CR2
21:06:37,115 INFO  [nio] XNIO NIO Implementation Version 2.1.0.CR2
21:06:37,275 INFO  [remoting] JBoss Remoting version 3.1.0.Beta2
21:06:37,316 INFO  [TomcatDeployment] deploy, ctxPath=/
21:06:37,370 INFO  [HornetQServerImpl] trying to deploy queue jms.queue.DLQ
21:06:37,391 INFO  [HornetQServerImpl] trying to deploy queue jms.queue.ExpiryQueue
21:06:37,407 INFO  [service] Removing bootstrap log handlers
